<?xml version="1.0" encoding="UTF-8"?>
<testsuite xmlns:xsi="http://www.w3.org/2001/XMLSchema-instance" xsi:noNamespaceSchemaLocation="https://maven.apache.org/surefire/maven-surefire-plugin/xsd/surefire-test-report.xsd" name="com.example.demo.DemoApplicationTests" time="9.812" tests="1" errors="0" skipped="0" failures="0">
  <properties>
    <property name="awt.toolkit" value="sun.lwawt.macosx.LWCToolkit"/>
    <property name="java.specification.version" value="12"/>
    <property name="sun.jnu.encoding" value="UTF-8"/>
    <property name="java.class.path" value="/opt/demo/target/test-classes:/opt/demo/target/classes:/opt/maven/repo/org/springframework/boot/spring-boot-starter/2.1.4.RELEASE/spring-boot-starter-2.1.4.RELEASE.jar:/opt/maven/repo/org/springframework/boot/spring-boot/2.1.4.RELEASE/spring-boot-2.1.4.RELEASE.jar:/opt/maven/repo/org/springframework/spring-context/5.1.6.RELEASE/spring-context-5.1.6.RELEASE.jar:/opt/maven/repo/org/springframework/boot/spring-boot-autoconfigure/2.1.4.RELEASE/spring-boot-autoconfigure-2.1.4.RELEASE.jar:/opt/maven/repo/org/springframework/boot/spring-boot-starter-logging/2.1.4.RELEASE/spring-boot-starter-logging-2.1.4.RELEASE.jar:/opt/maven/repo/ch/qos/logback/logback-classic/1.2.3/logback-classic-1.2.3.jar:/opt/maven/repo/ch/qos/logback/logback-core/1.2.3/logback-core-1.2.3.jar:/opt/maven/repo/org/apache/logging/log4j/log4j-to-slf4j/2.11.2/log4j-to-slf4j-2.11.2.jar:/opt/maven/repo/org/apache/logging/log4j/log4j-api/2.11.2/log4j-api-2.11.2.jar:/opt/maven/repo/org/slf4j/jul-to-slf4j/1.7.26/jul-to-slf4j-1.7.26.jar:/opt/maven/repo/javax/annotation/javax.annotation-api/1.3.2/javax.annotation-api-1.3.2.jar:/opt/maven/repo/org/springframework/spring-core/5.1.6.RELEASE/spring-core-5.1.6.RELEASE.jar:/opt/maven/repo/org/springframework/spring-jcl/5.1.6.RELEASE/spring-jcl-5.1.6.RELEASE.jar:/opt/maven/repo/org/yaml/snakeyaml/1.23/snakeyaml-1.23.jar:/opt/maven/repo/org/springframework/boot/spring-boot-starter-test/2.1.4.RELEASE/spring-boot-starter-test-2.1.4.RELEASE.jar:/opt/maven/repo/org/springframework/boot/spring-boot-test/2.1.4.RELEASE/spring-boot-test-2.1.4.RELEASE.jar:/opt/maven/repo/org/springframework/boot/spring-boot-test-autoconfigure/2.1.4.RELEASE/spring-boot-test-autoconfigure-2.1.4.RELEASE.jar:/opt/maven/repo/com/jayway/jsonpath/json-path/2.4.0/json-path-2.4.0.jar:/opt/maven/repo/net/minidev/json-smart/2.3/json-smart-2.3.jar:/opt/maven/repo/net/minidev/accessors-smart/1.2/accessors-smart-1.2.jar:/opt/maven/repo/org/ow2/asm/asm/5.0.4/asm-5.0.4.jar:/opt/maven/repo/org/slf4j/slf4j-api/1.7.26/slf4j-api-1.7.26.jar:/opt/maven/repo/junit/junit/4.12/junit-4.12.jar:/opt/maven/repo/org/assertj/assertj-core/3.11.1/assertj-core-3.11.1.jar:/opt/maven/repo/org/mockito/mockito-core/2.23.4/mockito-core-2.23.4.jar:/opt/maven/repo/net/bytebuddy/byte-buddy/1.9.12/byte-buddy-1.9.12.jar:/opt/maven/repo/net/bytebuddy/byte-buddy-agent/1.9.12/byte-buddy-agent-1.9.12.jar:/opt/maven/repo/org/objenesis/objenesis/2.6/objenesis-2.6.jar:/opt/maven/repo/org/hamcrest/hamcrest-core/1.3/hamcrest-core-1.3.jar:/opt/maven/repo/org/hamcrest/hamcrest-library/1.3/hamcrest-library-1.3.jar:/opt/maven/repo/org/skyscreamer/jsonassert/1.5.0/jsonassert-1.5.0.jar:/opt/maven/repo/com/vaadin/external/google/android-json/0.0.20131108.vaadin1/android-json-0.0.20131108.vaadin1.jar:/opt/maven/repo/org/springframework/spring-test/5.1.6.RELEASE/spring-test-5.1.6.RELEASE.jar:/opt/maven/repo/org/xmlunit/xmlunit-core/2.6.2/xmlunit-core-2.6.2.jar:/opt/maven/repo/javax/xml/bind/jaxb-api/2.3.1/jaxb-api-2.3.1.jar:/opt/maven/repo/javax/activation/javax.activation-api/1.2.0/javax.activation-api-1.2.0.jar:/opt/maven/repo/org/springframework/boot/spring-boot-starter-web/2.1.4.RELEASE/spring-boot-starter-web-2.1.4.RELEASE.jar:/opt/maven/repo/org/springframework/boot/spring-boot-starter-json/2.1.4.RELEASE/spring-boot-starter-json-2.1.4.RELEASE.jar:/opt/maven/repo/com/fasterxml/jackson/core/jackson-databind/2.9.8/jackson-databind-2.9.8.jar:/opt/maven/repo/com/fasterxml/jackson/core/jackson-annotations/2.9.0/jackson-annotations-2.9.0.jar:/opt/maven/repo/com/fasterxml/jackson/core/jackson-core/2.9.8/jackson-core-2.9.8.jar:/opt/maven/repo/com/fasterxml/jackson/datatype/jackson-datatype-jdk8/2.9.8/jackson-datatype-jdk8-2.9.8.jar:/opt/maven/repo/com/fasterxml/jackson/datatype/jackson-datatype-jsr310/2.9.8/jackson-datatype-jsr310-2.9.8.jar:/opt/maven/repo/com/fasterxml/jackson/module/jackson-module-parameter-names/2.9.8/jackson-module-parameter-names-2.9.8.jar:/opt/maven/repo/org/springframework/boot/spring-boot-starter-tomcat/2.1.4.RELEASE/spring-boot-starter-tomcat-2.1.4.RELEASE.jar:/opt/maven/repo/org/apache/tomcat/embed/tomcat-embed-core/9.0.17/tomcat-embed-core-9.0.17.jar:/opt/maven/repo/org/apache/tomcat/embed/tomcat-embed-el/9.0.17/tomcat-embed-el-9.0.17.jar:/opt/maven/repo/org/apache/tomcat/embed/tomcat-embed-websocket/9.0.17/tomcat-embed-websocket-9.0.17.jar:/opt/maven/repo/org/hibernate/validator/hibernate-validator/6.0.16.Final/hibernate-validator-6.0.16.Final.jar:/opt/maven/repo/javax/validation/validation-api/2.0.1.Final/validation-api-2.0.1.Final.jar:/opt/maven/repo/org/jboss/logging/jboss-logging/3.3.2.Final/jboss-logging-3.3.2.Final.jar:/opt/maven/repo/com/fasterxml/classmate/1.4.0/classmate-1.4.0.jar:/opt/maven/repo/org/springframework/spring-web/5.1.6.RELEASE/spring-web-5.1.6.RELEASE.jar:/opt/maven/repo/org/springframework/spring-beans/5.1.6.RELEASE/spring-beans-5.1.6.RELEASE.jar:/opt/maven/repo/org/springframework/spring-webmvc/5.1.6.RELEASE/spring-webmvc-5.1.6.RELEASE.jar:/opt/maven/repo/org/springframework/spring-aop/5.1.6.RELEASE/spring-aop-5.1.6.RELEASE.jar:/opt/maven/repo/org/springframework/spring-expression/5.1.6.RELEASE/spring-expression-5.1.6.RELEASE.jar:"/>
    <property name="java.vm.vendor" value="Oracle Corporation"/>
    <property name="sun.arch.data.model" value="64"/>
    <property name="java.vendor.url" value="https://java.oracle.com/"/>
    <property name="os.name" value="Mac OS X"/>
    <property name="java.vm.specification.version" value="12"/>
    <property name="sun.java.launcher" value="SUN_STANDARD"/>
    <property name="user.country" value="CN"/>
    <property name="sun.boot.library.path" value="/Library/Java/JavaVirtualMachines/jdk-12.jdk/Contents/Home/lib"/>
    <property name="sun.java.command" value="/opt/demo/target/surefire/surefirebooter16647033196909147561.jar /opt/demo/target/surefire 2019-04-25T12-07-45_983-jvmRun1 surefire1570767679463762810tmp surefire_017258792724082960250tmp"/>
    <property name="http.nonProxyHosts" value="local|*.local|169.254/16|*.169.254/16"/>
    <property name="jdk.debug" value="release"/>
    <property name="surefire.test.class.path" value="/opt/demo/target/test-classes:/opt/demo/target/classes:/opt/maven/repo/org/springframework/boot/spring-boot-starter/2.1.4.RELEASE/spring-boot-starter-2.1.4.RELEASE.jar:/opt/maven/repo/org/springframework/boot/spring-boot/2.1.4.RELEASE/spring-boot-2.1.4.RELEASE.jar:/opt/maven/repo/org/springframework/spring-context/5.1.6.RELEASE/spring-context-5.1.6.RELEASE.jar:/opt/maven/repo/org/springframework/boot/spring-boot-autoconfigure/2.1.4.RELEASE/spring-boot-autoconfigure-2.1.4.RELEASE.jar:/opt/maven/repo/org/springframework/boot/spring-boot-starter-logging/2.1.4.RELEASE/spring-boot-starter-logging-2.1.4.RELEASE.jar:/opt/maven/repo/ch/qos/logback/logback-classic/1.2.3/logback-classic-1.2.3.jar:/opt/maven/repo/ch/qos/logback/logback-core/1.2.3/logback-core-1.2.3.jar:/opt/maven/repo/org/apache/logging/log4j/log4j-to-slf4j/2.11.2/log4j-to-slf4j-2.11.2.jar:/opt/maven/repo/org/apache/logging/log4j/log4j-api/2.11.2/log4j-api-2.11.2.jar:/opt/maven/repo/org/slf4j/jul-to-slf4j/1.7.26/jul-to-slf4j-1.7.26.jar:/opt/maven/repo/javax/annotation/javax.annotation-api/1.3.2/javax.annotation-api-1.3.2.jar:/opt/maven/repo/org/springframework/spring-core/5.1.6.RELEASE/spring-core-5.1.6.RELEASE.jar:/opt/maven/repo/org/springframework/spring-jcl/5.1.6.RELEASE/spring-jcl-5.1.6.RELEASE.jar:/opt/maven/repo/org/yaml/snakeyaml/1.23/snakeyaml-1.23.jar:/opt/maven/repo/org/springframework/boot/spring-boot-starter-test/2.1.4.RELEASE/spring-boot-starter-test-2.1.4.RELEASE.jar:/opt/maven/repo/org/springframework/boot/spring-boot-test/2.1.4.RELEASE/spring-boot-test-2.1.4.RELEASE.jar:/opt/maven/repo/org/springframework/boot/spring-boot-test-autoconfigure/2.1.4.RELEASE/spring-boot-test-autoconfigure-2.1.4.RELEASE.jar:/opt/maven/repo/com/jayway/jsonpath/json-path/2.4.0/json-path-2.4.0.jar:/opt/maven/repo/net/minidev/json-smart/2.3/json-smart-2.3.jar:/opt/maven/repo/net/minidev/accessors-smart/1.2/accessors-smart-1.2.jar:/opt/maven/repo/org/ow2/asm/asm/5.0.4/asm-5.0.4.jar:/opt/maven/repo/org/slf4j/slf4j-api/1.7.26/slf4j-api-1.7.26.jar:/opt/maven/repo/junit/junit/4.12/junit-4.12.jar:/opt/maven/repo/org/assertj/assertj-core/3.11.1/assertj-core-3.11.1.jar:/opt/maven/repo/org/mockito/mockito-core/2.23.4/mockito-core-2.23.4.jar:/opt/maven/repo/net/bytebuddy/byte-buddy/1.9.12/byte-buddy-1.9.12.jar:/opt/maven/repo/net/bytebuddy/byte-buddy-agent/1.9.12/byte-buddy-agent-1.9.12.jar:/opt/maven/repo/org/objenesis/objenesis/2.6/objenesis-2.6.jar:/opt/maven/repo/org/hamcrest/hamcrest-core/1.3/hamcrest-core-1.3.jar:/opt/maven/repo/org/hamcrest/hamcrest-library/1.3/hamcrest-library-1.3.jar:/opt/maven/repo/org/skyscreamer/jsonassert/1.5.0/jsonassert-1.5.0.jar:/opt/maven/repo/com/vaadin/external/google/android-json/0.0.20131108.vaadin1/android-json-0.0.20131108.vaadin1.jar:/opt/maven/repo/org/springframework/spring-test/5.1.6.RELEASE/spring-test-5.1.6.RELEASE.jar:/opt/maven/repo/org/xmlunit/xmlunit-core/2.6.2/xmlunit-core-2.6.2.jar:/opt/maven/repo/javax/xml/bind/jaxb-api/2.3.1/jaxb-api-2.3.1.jar:/opt/maven/repo/javax/activation/javax.activation-api/1.2.0/javax.activation-api-1.2.0.jar:/opt/maven/repo/org/springframework/boot/spring-boot-starter-web/2.1.4.RELEASE/spring-boot-starter-web-2.1.4.RELEASE.jar:/opt/maven/repo/org/springframework/boot/spring-boot-starter-json/2.1.4.RELEASE/spring-boot-starter-json-2.1.4.RELEASE.jar:/opt/maven/repo/com/fasterxml/jackson/core/jackson-databind/2.9.8/jackson-databind-2.9.8.jar:/opt/maven/repo/com/fasterxml/jackson/core/jackson-annotations/2.9.0/jackson-annotations-2.9.0.jar:/opt/maven/repo/com/fasterxml/jackson/core/jackson-core/2.9.8/jackson-core-2.9.8.jar:/opt/maven/repo/com/fasterxml/jackson/datatype/jackson-datatype-jdk8/2.9.8/jackson-datatype-jdk8-2.9.8.jar:/opt/maven/repo/com/fasterxml/jackson/datatype/jackson-datatype-jsr310/2.9.8/jackson-datatype-jsr310-2.9.8.jar:/opt/maven/repo/com/fasterxml/jackson/module/jackson-module-parameter-names/2.9.8/jackson-module-parameter-names-2.9.8.jar:/opt/maven/repo/org/springframework/boot/spring-boot-starter-tomcat/2.1.4.RELEASE/spring-boot-starter-tomcat-2.1.4.RELEASE.jar:/opt/maven/repo/org/apache/tomcat/embed/tomcat-embed-core/9.0.17/tomcat-embed-core-9.0.17.jar:/opt/maven/repo/org/apache/tomcat/embed/tomcat-embed-el/9.0.17/tomcat-embed-el-9.0.17.jar:/opt/maven/repo/org/apache/tomcat/embed/tomcat-embed-websocket/9.0.17/tomcat-embed-websocket-9.0.17.jar:/opt/maven/repo/org/hibernate/validator/hibernate-validator/6.0.16.Final/hibernate-validator-6.0.16.Final.jar:/opt/maven/repo/javax/validation/validation-api/2.0.1.Final/validation-api-2.0.1.Final.jar:/opt/maven/repo/org/jboss/logging/jboss-logging/3.3.2.Final/jboss-logging-3.3.2.Final.jar:/opt/maven/repo/com/fasterxml/classmate/1.4.0/classmate-1.4.0.jar:/opt/maven/repo/org/springframework/spring-web/5.1.6.RELEASE/spring-web-5.1.6.RELEASE.jar:/opt/maven/repo/org/springframework/spring-beans/5.1.6.RELEASE/spring-beans-5.1.6.RELEASE.jar:/opt/maven/repo/org/springframework/spring-webmvc/5.1.6.RELEASE/spring-webmvc-5.1.6.RELEASE.jar:/opt/maven/repo/org/springframework/spring-aop/5.1.6.RELEASE/spring-aop-5.1.6.RELEASE.jar:/opt/maven/repo/org/springframework/spring-expression/5.1.6.RELEASE/spring-expression-5.1.6.RELEASE.jar:"/>
    <property name="sun.cpu.endian" value="little"/>
    <property name="user.home" value="/Users/xiamengbing"/>
    <property name="user.language" value="zh"/>
    <property name="java.specification.vendor" value="Oracle Corporation"/>
    <property name="java.version.date" value="2019-03-19"/>
    <property name="java.home" value="/Library/Java/JavaVirtualMachines/jdk-12.jdk/Contents/Home"/>
    <property name="file.separator" value="/"/>
    <property name="basedir" value="/opt/demo"/>
    <property name="java.vm.compressedOopsMode" value="Zero based"/>
    <property name="line.separator" value="&#10;"/>
    <property name="java.vm.specification.vendor" value="Oracle Corporation"/>
    <property name="java.specification.name" value="Java Platform API Specification"/>
    <property name="java.awt.graphicsenv" value="sun.awt.CGraphicsEnvironment"/>
    <property name="surefire.real.class.path" value="/opt/demo/target/surefire/surefirebooter16647033196909147561.jar"/>
    <property name="user.script" value="Hans"/>
    <property name="sun.management.compiler" value="HotSpot 64-Bit Tiered Compilers"/>
    <property name="ftp.nonProxyHosts" value="local|*.local|169.254/16|*.169.254/16"/>
    <property name="java.runtime.version" value="12+33"/>
    <property name="user.name" value="xiamengbing"/>
    <property name="path.separator" value=":"/>
    <property name="os.version" value="10.14.1"/>
    <property name="java.runtime.name" value="Java(TM) SE Runtime Environment"/>
    <property name="file.encoding" value="UTF-8"/>
    <property name="java.vm.name" value="Java HotSpot(TM) 64-Bit Server VM"/>
    <property name="localRepository" value="/opt/maven/repo"/>
    <property name="java.vendor.url.bug" value="https://bugreport.java.com/bugreport/"/>
    <property name="java.io.tmpdir" value="/var/folders/zq/6j0b79sj1xx2krzhp0c1zcvh0000gn/T/"/>
    <property name="java.version" value="12"/>
    <property name="user.dir" value="/opt/demo"/>
    <property name="os.arch" value="x86_64"/>
    <property name="java.vm.specification.name" value="Java Virtual Machine Specification"/>
    <property name="java.library.path" value="/Users/xiamengbing/Library/Java/Extensions:/Library/Java/Extensions:/Network/Library/Java/Extensions:/System/Library/Java/Extensions:/usr/lib/java:."/>
    <property name="java.vm.info" value="mixed mode, sharing"/>
    <property name="java.vendor" value="Oracle Corporation"/>
    <property name="java.vm.version" value="12+33"/>
    <property name="sun.io.unicode.encoding" value="UnicodeBig"/>
    <property name="socksNonProxyHosts" value="local|*.local|169.254/16|*.169.254/16"/>
    <property name="java.class.version" value="56.0"/>
  </properties>
  <testcase name="contextLoads" classname="com.example.demo.DemoApplicationTests" time="0.585"/>
</testsuite>